<?xml version="1.0" encoding="UTF-8"?>
<testng-results ignored="0" total="2" passed="2" failed="0" skipped="0">
  <reporter-output>
  </reporter-output>
  <suite started-at="2024-08-03T22:41:03 IST" name="Default suite" finished-at="2024-08-03T22:41:55 IST" duration-ms="52300">
    <groups>
    </groups>
    <test started-at="2024-08-03T22:41:03 IST" name="Default test" finished-at="2024-08-03T22:41:55 IST" duration-ms="52300">
      <class name="com.qa.fitPeo.test.HomePageTest">
        <test-method is-config="true" signature="setup()[pri:0, instance:com.qa.fitPeo.test.HomePageTest@44c03695]" started-at="2024-08-03T22:41:03 IST" name="setup" finished-at="2024-08-03T22:41:09 IST" duration-ms="5915" status="PASS">
          <reporter-output>
          </reporter-output>
        </test-method> <!-- setup -->
        <test-method signature="getSliderValueTest()[pri:1, instance:com.qa.fitPeo.test.HomePageTest@44c03695]" started-at="2024-08-03T22:41:09 IST" name="getSliderValueTest" finished-at="2024-08-03T22:41:21 IST" duration-ms="11991" status="PASS">
          <reporter-output>
          </reporter-output>
        </test-method> <!-- getSliderValueTest -->
        <test-method is-config="true" signature="tearDown()[pri:0, instance:com.qa.fitPeo.test.HomePageTest@44c03695]" started-at="2024-08-03T22:41:21 IST" name="tearDown" finished-at="2024-08-03T22:41:21 IST" duration-ms="426" status="PASS">
          <reporter-output>
          </reporter-output>
        </test-method> <!-- tearDown -->
        <test-method is-config="true" signature="setup()[pri:0, instance:com.qa.fitPeo.test.HomePageTest@44c03695]" started-at="2024-08-03T22:41:21 IST" name="setup" finished-at="2024-08-03T22:41:25 IST" duration-ms="3883" status="PASS">
          <reporter-output>
          </reporter-output>
        </test-method> <!-- setup -->
        <test-method signature="reimbursementValueTest()[pri:2, instance:com.qa.fitPeo.test.HomePageTest@44c03695]" started-at="2024-08-03T22:41:25 IST" name="reimbursementValueTest" finished-at="2024-08-03T22:41:55 IST" duration-ms="29637" status="PASS">
          <reporter-output>
          </reporter-output>
        </test-method> <!-- reimbursementValueTest -->
        <test-method is-config="true" signature="tearDown()[pri:0, instance:com.qa.fitPeo.test.HomePageTest@44c03695]" started-at="2024-08-03T22:41:55 IST" name="tearDown" finished-at="2024-08-03T22:41:55 IST" duration-ms="351" status="PASS">
          <reporter-output>
          </reporter-output>
        </test-method> <!-- tearDown -->
      </class> <!-- com.qa.fitPeo.test.HomePageTest -->
    </test> <!-- Default test -->
  </suite> <!-- Default suite -->
</testng-results>
